╭──────────────────────────────────────────────────────────────────────────────────────────────────────────────╮
│ Transaction Data                                                                                             │
├──────────────────────────────────────────────────────────────────────────────────────────────────────────────┤
│ Sender: 0x33036d17a0f59a8ddfc4f2d2188d91be167c6aa16be1af0a11a00c06a6e6e532                                   │
│ Gas Owner: 0x33036d17a0f59a8ddfc4f2d2188d91be167c6aa16be1af0a11a00c06a6e6e532                                │
│ Gas Budget: 50000000 MIST                                                                                    │
│ Gas Price: 1000 MIST                                                                                         │
│ Gas Payment:                                                                                                 │
│  ┌──                                                                                                         │
│  │ ID: 0x131f6556b9ec0c27daaec71a56143436d0a813564feba8426b9e79b481d36574                                    │
│  │ Version: 435197387                                                                                        │
│  │ Digest: 7q3UAEstEyMafbq7mookJXEJeXBsRxbkL4CXK3prUH6v                                                      │
│  └──                                                                                                         │
│                                                                                                              │
│ Transaction Kind: Programmable                                                                               │
│ ╭──────────────────────────────────────────────────────────────────────────────────────────────────────────╮ │
│ │ Input Objects                                                                                            │ │
│ ├──────────────────────────────────────────────────────────────────────────────────────────────────────────┤ │
│ │ 0   Pure Arg: Type: address, Value: "0x33036d17a0f59a8ddfc4f2d2188d91be167c6aa16be1af0a11a00c06a6e6e532" │ │
│ ╰──────────────────────────────────────────────────────────────────────────────────────────────────────────╯ │
│ ╭─────────────────────────────────────────────────────────────────────────╮                                  │
│ │ Commands                                                                │                                  │
│ ├─────────────────────────────────────────────────────────────────────────┤                                  │
│ │ 0  Publish:                                                             │                                  │
│ │  ┌                                                                      │                                  │
│ │  │ Dependencies:                                                        │                                  │
│ │  │   0x0000000000000000000000000000000000000000000000000000000000000001 │                                  │
│ │  │   0x0000000000000000000000000000000000000000000000000000000000000002 │                                  │
│ │  └                                                                      │                                  │
│ │                                                                         │                                  │
│ │ 1  TransferObjects:                                                     │                                  │
│ │  ┌                                                                      │                                  │
│ │  │ Arguments:                                                           │                                  │
│ │  │   Result 0                                                           │                                  │
│ │  │ Address: Input  0                                                    │                                  │
│ │  └                                                                      │                                  │
│ ╰─────────────────────────────────────────────────────────────────────────╯                                  │
│                                                                                                              │
│ Signatures:                                                                                                  │
│    PJpM31fUENaxF2ZvhJgdvFV7OV8pPDAxKVk/8OXVblYyb0aribMFei2IygNlnbtiz/uUjLuF9sXY9aa2ZP3Y/A==                  │
│                                                                                                              │
╰──────────────────────────────────────────────────────────────────────────────────────────────────────────────╯
╭───────────────────────────────────────────────────────────────────────────────────────────────────╮
│ Transaction Effects                                                                               │
├───────────────────────────────────────────────────────────────────────────────────────────────────┤
│ Digest: CKeMz4oNukee9SqFhQ4f4xstG3rvqdoWouD4GsnRDc7r                                              │
│ Status: Success                                                                                   │
│ Executed Epoch: 743                                                                               │
│                                                                                                   │
│ Created Objects:                                                                                  │
│  ┌──                                                                                              │
│  │ ID: 0x31717ba3482c33f3bfe0bab05b3f509053a206b01e727c3184c0bb791d74c7fe                         │
│  │ Owner: Immutable                                                                               │
│  │ Version: 1                                                                                     │
│  │ Digest: FoFfz9N3rDLgxudCYhPdznCzE6NsR8ew2H9YqmQUFXth                                           │
│  └──                                                                                              │
│  ┌──                                                                                              │
│  │ ID: 0x65306f2042f83596cb55570852f896238ae8f326b3e005509e0c97decd7b62e8                         │
│  │ Owner: Account Address ( 0x33036d17a0f59a8ddfc4f2d2188d91be167c6aa16be1af0a11a00c06a6e6e532 )  │
│  │ Version: 435197388                                                                             │
│  │ Digest: FJFUgt3SJv9VN4NHcsHirSP4HoWLxZYioZZC8inxyQFz                                           │
│  └──                                                                                              │
│ Mutated Objects:                                                                                  │
│  ┌──                                                                                              │
│  │ ID: 0x131f6556b9ec0c27daaec71a56143436d0a813564feba8426b9e79b481d36574                         │
│  │ Owner: Account Address ( 0x33036d17a0f59a8ddfc4f2d2188d91be167c6aa16be1af0a11a00c06a6e6e532 )  │
│  │ Version: 435197388                                                                             │
│  │ Digest: 8KxXdVJMTdQHknfnQBFi4f7UZr1RoswEDA49MBgdyoNW                                           │
│  └──                                                                                              │
│ Gas Object:                                                                                       │
│  ┌──                                                                                              │
│  │ ID: 0x131f6556b9ec0c27daaec71a56143436d0a813564feba8426b9e79b481d36574                         │
│  │ Owner: Account Address ( 0x33036d17a0f59a8ddfc4f2d2188d91be167c6aa16be1af0a11a00c06a6e6e532 )  │
│  │ Version: 435197388                                                                             │
│  │ Digest: 8KxXdVJMTdQHknfnQBFi4f7UZr1RoswEDA49MBgdyoNW                                           │
│  └──                                                                                              │
│ Gas Cost Summary:                                                                                 │
│    Storage Cost: 37468000 MIST                                                                    │
│    Computation Cost: 1000000 MIST                                                                 │
│    Storage Rebate: 978120 MIST                                                                    │
│    Non-refundable Storage Fee: 9880 MIST                                                          │
│                                                                                                   │
│ Transaction Dependencies:                                                                         │
│    6pZ2bpkwLwnCH4qdHS1NcJypXLFUNvSHRKfKXhZvXQuo                                                   │
│    8GxJsh2Z34PMNFNDbAjFgwYvFjfoFmGkKK5F61m9zaPn                                                   │
│    DQtUGE5KjmaifoieQcLgfBjW88udGi2Wr5WGZ6Pvhtce                                                   │
╰───────────────────────────────────────────────────────────────────────────────────────────────────╯
╭─────────────────────────────╮
│ No transaction block events │
╰─────────────────────────────╯

╭──────────────────────────────────────────────────────────────────────────────────────────────────╮
│ Object Changes                                                                                   │
├──────────────────────────────────────────────────────────────────────────────────────────────────┤
│ Created Objects:                                                                                 │
│  ┌──                                                                                             │
│  │ ObjectID: 0x65306f2042f83596cb55570852f896238ae8f326b3e005509e0c97decd7b62e8                  │
│  │ Sender: 0x33036d17a0f59a8ddfc4f2d2188d91be167c6aa16be1af0a11a00c06a6e6e532                    │
│  │ Owner: Account Address ( 0x33036d17a0f59a8ddfc4f2d2188d91be167c6aa16be1af0a11a00c06a6e6e532 ) │
│  │ ObjectType: 0x2::package::UpgradeCap                                                          │
│  │ Version: 435197388                                                                            │
│  │ Digest: FJFUgt3SJv9VN4NHcsHirSP4HoWLxZYioZZC8inxyQFz                                          │
│  └──                                                                                             │
│ Mutated Objects:                                                                                 │
│  ┌──                                                                                             │
│  │ ObjectID: 0x131f6556b9ec0c27daaec71a56143436d0a813564feba8426b9e79b481d36574                  │
│  │ Sender: 0x33036d17a0f59a8ddfc4f2d2188d91be167c6aa16be1af0a11a00c06a6e6e532                    │
│  │ Owner: Account Address ( 0x33036d17a0f59a8ddfc4f2d2188d91be167c6aa16be1af0a11a00c06a6e6e532 ) │
│  │ ObjectType: 0x2::coin::Coin<0x2::sui::SUI>                                                    │
│  │ Version: 435197388                                                                            │
│  │ Digest: 8KxXdVJMTdQHknfnQBFi4f7UZr1RoswEDA49MBgdyoNW                                          │
│  └──                                                                                             │
│ Published Objects:                                                                               │
│  ┌──                                                                                             │
│  │ PackageID: 0x31717ba3482c33f3bfe0bab05b3f509053a206b01e727c3184c0bb791d74c7fe                 │
│  │ Version: 1                                                                                    │
│  │ Digest: FoFfz9N3rDLgxudCYhPdznCzE6NsR8ew2H9YqmQUFXth                                          │
│  │ Modules: access, nft, storage, utils                                                          │
│  └──                                                                                             │
╰──────────────────────────────────────────────────────────────────────────────────────────────────╯
╭───────────────────────────────────────────────────────────────────────────────────────────────────╮
│ Balance Changes                                                                                   │
├───────────────────────────────────────────────────────────────────────────────────────────────────┤
│  ┌──                                                                                              │
│  │ Owner: Account Address ( 0x33036d17a0f59a8ddfc4f2d2188d91be167c6aa16be1af0a11a00c06a6e6e532 )  │
│  │ CoinType: 0x2::sui::SUI                                                                        │
│  │ Amount: -37489880                                                                              │
│  └──                                                                                              │